[INFO] Main:run file stream mode
[INFO] FileStreamMode:---------------------[FILE MODE]---------------------------------
[INFO] FileStreamMode:input  file = D:\1.Project_workspace\Controller_Tester\.metadata\.plugins\com.codescroll.gp.core\compile_input.properties
[INFO] FileStreamMode:output file = D:\1.Project_workspace\Controller_Tester\.metadata\.plugins\com.codescroll.gp.core\compile_output.properties
[INFO] FileStreamMode:-----------------------------------------------------------------
[INFO] Main:
[INFO] Main:run file stream mode
[INFO] FileStreamMode:---------------------[FILE MODE]---------------------------------
[INFO] FileStreamMode:input  file = D:\1.Project_workspace\Controller_Tester\.metadata\.plugins\com.codescroll.gp.core\compile_input.properties
[INFO] FileStreamMode:output file = D:\1.Project_workspace\Controller_Tester\.metadata\.plugins\com.codescroll.gp.core\compile_output.properties
[INFO] FileStreamMode:-----------------------------------------------------------------
[INFO] Main:
[INFO] Main:run file stream mode
[INFO] FileStreamMode:---------------------[FILE MODE]---------------------------------
[INFO] FileStreamMode:input  file = D:\1.Project_workspace\Controller_Tester\.metadata\.plugins\com.codescroll.gp.core\compile_input.properties
[INFO] FileStreamMode:output file = D:\1.Project_workspace\Controller_Tester\.metadata\.plugins\com.codescroll.gp.core\compile_output.properties
[INFO] FileStreamMode:-----------------------------------------------------------------
[INFO] Main:
[INFO] Main:run file stream mode
[INFO] FileStreamMode:---------------------[FILE MODE]---------------------------------
[INFO] FileStreamMode:input  file = D:\1.Project_workspace\Controller_Tester\.metadata\.plugins\com.codescroll.gp.core\compile_input.properties
[INFO] FileStreamMode:output file = D:\1.Project_workspace\Controller_Tester\.metadata\.plugins\com.codescroll.gp.core\compile_output.properties
[INFO] FileStreamMode:-----------------------------------------------------------------
[INFO] Main:
[INFO] Main:run file stream mode
[INFO] FileStreamMode:---------------------[FILE MODE]---------------------------------
[INFO] FileStreamMode:input  file = D:\1.Project_workspace\Controller_Tester\.metadata\.plugins\com.codescroll.gp.core\compile_input.properties
[INFO] FileStreamMode:output file = D:\1.Project_workspace\Controller_Tester\.metadata\.plugins\com.codescroll.gp.core\compile_output.properties
[INFO] FileStreamMode:-----------------------------------------------------------------
[INFO] Main:
[INFO] Main:run file stream mode
[INFO] FileStreamMode:---------------------[FILE MODE]---------------------------------
[INFO] FileStreamMode:input  file = D:\1.Project_workspace\Controller_Tester\.metadata\.plugins\com.codescroll.gp.core\compile_input.properties
[INFO] FileStreamMode:output file = D:\1.Project_workspace\Controller_Tester\.metadata\.plugins\com.codescroll.gp.core\compile_output.properties
[INFO] FileStreamMode:-----------------------------------------------------------------
[INFO] Main:
[INFO] Main:run file stream mode
[INFO] FileStreamMode:---------------------[FILE MODE]---------------------------------
[INFO] FileStreamMode:input  file = D:\1.Project_workspace\Controller_Tester\.metadata\.plugins\com.codescroll.gp.core\compile_input.properties
[INFO] FileStreamMode:output file = D:\1.Project_workspace\Controller_Tester\.metadata\.plugins\com.codescroll.gp.core\compile_output.properties
[INFO] FileStreamMode:-----------------------------------------------------------------
[INFO] Main:
[INFO] Main:run file stream mode
[INFO] FileStreamMode:---------------------[FILE MODE]---------------------------------
[INFO] FileStreamMode:input  file = D:\1.Project_workspace\Controller_Tester\.metadata\.plugins\com.codescroll.gp.core\compile_input.properties
[INFO] FileStreamMode:output file = D:\1.Project_workspace\Controller_Tester\.metadata\.plugins\com.codescroll.gp.core\compile_output.properties
[INFO] FileStreamMode:-----------------------------------------------------------------
[INFO] Main:
[INFO] Main:run file stream mode
[INFO] FileStreamMode:---------------------[FILE MODE]---------------------------------
[INFO] FileStreamMode:input  file = D:\1.Project_workspace\Controller_Tester\.metadata\.plugins\com.codescroll.gp.core\compile_input.properties
[INFO] FileStreamMode:output file = D:\1.Project_workspace\Controller_Tester\.metadata\.plugins\com.codescroll.gp.core\compile_output.properties
[INFO] FileStreamMode:-----------------------------------------------------------------
[INFO] Main:
[INFO] Main:run file stream mode
[INFO] FileStreamMode:---------------------[FILE MODE]---------------------------------
[INFO] FileStreamMode:input  file = D:\1.Project_workspace\Controller_Tester\.metadata\.plugins\com.codescroll.gp.core\compile_input.properties
[INFO] FileStreamMode:output file = D:\1.Project_workspace\Controller_Tester\.metadata\.plugins\com.codescroll.gp.core\compile_output.properties
[INFO] FileStreamMode:-----------------------------------------------------------------
[INFO] Main:
[INFO] Main:run file stream mode
[INFO] FileStreamMode:---------------------[FILE MODE]---------------------------------
[INFO] FileStreamMode:input  file = D:\1.Project_workspace\Controller_Tester\.metadata\.plugins\com.codescroll.gp.core\compile_input.properties
[INFO] FileStreamMode:output file = D:\1.Project_workspace\Controller_Tester\.metadata\.plugins\com.codescroll.gp.core\compile_output.properties
[INFO] FileStreamMode:-----------------------------------------------------------------
[INFO] Main:
[INFO] Main:run file stream mode
[INFO] FileStreamMode:---------------------[FILE MODE]---------------------------------
[INFO] FileStreamMode:input  file = D:\1.Project_workspace\Controller_Tester\.metadata\.plugins\com.codescroll.gp.core\compile_input.properties
[INFO] FileStreamMode:output file = D:\1.Project_workspace\Controller_Tester\.metadata\.plugins\com.codescroll.gp.core\compile_output.properties
[INFO] FileStreamMode:-----------------------------------------------------------------
[INFO] Main:
[INFO] Main:run file stream mode
[INFO] FileStreamMode:---------------------[FILE MODE]---------------------------------
[INFO] FileStreamMode:input  file = D:\1.Project_workspace\Controller_Tester\.metadata\.plugins\com.codescroll.gp.core\compile_input.properties
[INFO] FileStreamMode:output file = D:\1.Project_workspace\Controller_Tester\.metadata\.plugins\com.codescroll.gp.core\compile_output.properties
[INFO] FileStreamMode:-----------------------------------------------------------------
[INFO] Main:
[INFO] Main:run file stream mode
[INFO] FileStreamMode:---------------------[FILE MODE]---------------------------------
[INFO] FileStreamMode:input  file = D:\1.Project_workspace\Controller_Tester\.metadata\.plugins\com.codescroll.gp.core\compile_input.properties
[INFO] FileStreamMode:output file = D:\1.Project_workspace\Controller_Tester\.metadata\.plugins\com.codescroll.gp.core\compile_output.properties
[INFO] FileStreamMode:-----------------------------------------------------------------
[INFO] Main:
[INFO] Main:run file stream mode
[INFO] FileStreamMode:---------------------[FILE MODE]---------------------------------
[INFO] FileStreamMode:input  file = D:\1.Project_workspace\Controller_Tester\.metadata\.plugins\com.codescroll.gp.core\compile_input.properties
[INFO] FileStreamMode:output file = D:\1.Project_workspace\Controller_Tester\.metadata\.plugins\com.codescroll.gp.core\compile_output.properties
[INFO] FileStreamMode:-----------------------------------------------------------------
[INFO] Main:
[INFO] Main:run file stream mode
[INFO] FileStreamMode:---------------------[FILE MODE]---------------------------------
[INFO] FileStreamMode:input  file = D:\1.Project_workspace\Controller_Tester\.metadata\.plugins\com.codescroll.gp.core\compile_input.properties
[INFO] FileStreamMode:output file = D:\1.Project_workspace\Controller_Tester\.metadata\.plugins\com.codescroll.gp.core\compile_output.properties
[INFO] FileStreamMode:-----------------------------------------------------------------
[INFO] Main:
[INFO] Main:run file stream mode
[INFO] FileStreamMode:---------------------[FILE MODE]---------------------------------
[INFO] FileStreamMode:input  file = D:\1.Project_workspace\Controller_Tester\.metadata\.plugins\com.codescroll.gp.core\compile_input.properties
[INFO] FileStreamMode:output file = D:\1.Project_workspace\Controller_Tester\.metadata\.plugins\com.codescroll.gp.core\compile_output.properties
[INFO] FileStreamMode:-----------------------------------------------------------------
[INFO] Main:
[INFO] Main:run file stream mode
[INFO] FileStreamMode:---------------------[FILE MODE]---------------------------------
[INFO] FileStreamMode:input  file = D:\1.Project_workspace\Controller_Tester\.metadata\.plugins\com.codescroll.gp.core\compile_input.properties
[INFO] FileStreamMode:output file = D:\1.Project_workspace\Controller_Tester\.metadata\.plugins\com.codescroll.gp.core\compile_output.properties
[INFO] FileStreamMode:-----------------------------------------------------------------
[INFO] Main:
[INFO] Main:run file stream mode
[INFO] FileStreamMode:---------------------[FILE MODE]---------------------------------
[INFO] FileStreamMode:input  file = D:\1.Project_workspace\Controller_Tester\.metadata\.plugins\com.codescroll.gp.core\compile_input.properties
[INFO] FileStreamMode:output file = D:\1.Project_workspace\Controller_Tester\.metadata\.plugins\com.codescroll.gp.core\compile_output.properties
[INFO] FileStreamMode:-----------------------------------------------------------------
[INFO] Main:
[INFO] Main:run file stream mode
[INFO] FileStreamMode:---------------------[FILE MODE]---------------------------------
[INFO] FileStreamMode:input  file = D:\1.Project_workspace\Controller_Tester\.metadata\.plugins\com.codescroll.gp.core\compile_input.properties
[INFO] FileStreamMode:output file = D:\1.Project_workspace\Controller_Tester\.metadata\.plugins\com.codescroll.gp.core\compile_output.properties
[INFO] FileStreamMode:-----------------------------------------------------------------
[INFO] Main:
[INFO] Main:run file stream mode
[INFO] FileStreamMode:---------------------[FILE MODE]---------------------------------
[INFO] FileStreamMode:input  file = D:\1.Project_workspace\Controller_Tester\.metadata\.plugins\com.codescroll.gp.core\compile_input.properties
[INFO] FileStreamMode:output file = D:\1.Project_workspace\Controller_Tester\.metadata\.plugins\com.codescroll.gp.core\compile_output.properties
[INFO] FileStreamMode:-----------------------------------------------------------------
[INFO] Main:
[INFO] Main:run file stream mode
[INFO] FileStreamMode:---------------------[FILE MODE]---------------------------------
[INFO] FileStreamMode:input  file = D:\1.Project_workspace\Controller_Tester\.metadata\.plugins\com.codescroll.gp.core\compile_input.properties
[INFO] FileStreamMode:output file = D:\1.Project_workspace\Controller_Tester\.metadata\.plugins\com.codescroll.gp.core\compile_output.properties
[INFO] FileStreamMode:-----------------------------------------------------------------
[INFO] Main:
[INFO] Main:run file stream mode
[INFO] FileStreamMode:---------------------[FILE MODE]---------------------------------
[INFO] FileStreamMode:input  file = D:\1.Project_workspace\Controller_Tester\.metadata\.plugins\com.codescroll.gp.core\compile_input.properties
[INFO] FileStreamMode:output file = D:\1.Project_workspace\Controller_Tester\.metadata\.plugins\com.codescroll.gp.core\compile_output.properties
[INFO] FileStreamMode:-----------------------------------------------------------------
[INFO] Main:
[INFO] Main:run file stream mode
[INFO] FileStreamMode:---------------------[FILE MODE]---------------------------------
[INFO] FileStreamMode:input  file = D:\1.Project_workspace\Controller_Tester\.metadata\.plugins\com.codescroll.gp.core\compile_input.properties
[INFO] FileStreamMode:output file = D:\1.Project_workspace\Controller_Tester\.metadata\.plugins\com.codescroll.gp.core\compile_output.properties
[INFO] FileStreamMode:-----------------------------------------------------------------
[INFO] Main:
[INFO] Main:run file stream mode
[INFO] FileStreamMode:---------------------[FILE MODE]---------------------------------
[INFO] FileStreamMode:input  file = D:\1.Project_workspace\Controller_Tester\.metadata\.plugins\com.codescroll.gp.core\compile_input.properties
[INFO] FileStreamMode:output file = D:\1.Project_workspace\Controller_Tester\.metadata\.plugins\com.codescroll.gp.core\compile_output.properties
[INFO] FileStreamMode:-----------------------------------------------------------------
[INFO] Main:
[INFO] Main:run file stream mode
[INFO] FileStreamMode:---------------------[FILE MODE]---------------------------------
[INFO] FileStreamMode:input  file = D:\1.Project_workspace\Controller_Tester\.metadata\.plugins\com.codescroll.gp.core\compile_input.properties
[INFO] FileStreamMode:output file = D:\1.Project_workspace\Controller_Tester\.metadata\.plugins\com.codescroll.gp.core\compile_output.properties
[INFO] FileStreamMode:-----------------------------------------------------------------
[INFO] Main:
[INFO] Main:run file stream mode
[INFO] FileStreamMode:---------------------[FILE MODE]---------------------------------
[INFO] FileStreamMode:input  file = D:\1.Project_workspace\Controller_Tester\.metadata\.plugins\com.codescroll.gp.core\compile_input.properties
[INFO] FileStreamMode:output file = D:\1.Project_workspace\Controller_Tester\.metadata\.plugins\com.codescroll.gp.core\compile_output.properties
[INFO] FileStreamMode:-----------------------------------------------------------------
[INFO] Main:
[INFO] Main:run file stream mode
[INFO] FileStreamMode:---------------------[FILE MODE]---------------------------------
[INFO] FileStreamMode:input  file = D:\1.Project_workspace\Controller_Tester\.metadata\.plugins\com.codescroll.gp.core\compile_input.properties
[INFO] FileStreamMode:output file = D:\1.Project_workspace\Controller_Tester\.metadata\.plugins\com.codescroll.gp.core\compile_output.properties
[INFO] FileStreamMode:-----------------------------------------------------------------
[INFO] Main:
